[debug] [2023-02-22T19:59:53.489Z] ----------------------------------------------------------------------
[debug] [2023-02-22T19:59:53.490Z] Command:       /Users/eyalazran/.nvm/versions/node/v16.19.0/bin/node /Users/eyalazran/.nvm/versions/node/v16.19.0/bin/firebase init hosting:github
[debug] [2023-02-22T19:59:53.491Z] CLI Version:   11.21.0
[debug] [2023-02-22T19:59:53.491Z] Platform:      darwin
[debug] [2023-02-22T19:59:53.491Z] Node Version:  v16.19.0
[debug] [2023-02-22T19:59:53.492Z] Time:          Wed Feb 22 2023 21:59:53 GMT+0200 (Eastern European Standard Time)
[debug] [2023-02-22T19:59:53.493Z] ----------------------------------------------------------------------
[debug] 
[debug] [2023-02-22T19:59:53.494Z] >>> [apiv2][query] GET https://firebase-public.firebaseio.com/cli.json [none]
[debug] [2023-02-22T19:59:53.532Z] > command requires scopes: ["email","openid","https://www.googleapis.com/auth/cloudplatformprojects.readonly","https://www.googleapis.com/auth/firebase","https://www.googleapis.com/auth/cloud-platform"]
[debug] [2023-02-22T19:59:53.533Z] > authorizing via signed-in user (azran4u@gmail.com)
[info] 
     ######## #### ########  ######## ########     ###     ######  ########
     ##        ##  ##     ## ##       ##     ##  ##   ##  ##       ##
     ######    ##  ########  ######   ########  #########  ######  ######
     ##        ##  ##    ##  ##       ##     ## ##     ##       ## ##
     ##       #### ##     ## ######## ########  ##     ##  ######  ########

You're about to initialize a Firebase project in this directory:

  /Users/eyalazran/dev/tights-app

Before we get started, keep in mind:

  * You are initializing within an existing Firebase project directory

[info] 
=== Project Setup
[info] 
[info] First, let's associate this project directory with a Firebase project.
[info] You can create multiple project aliases by running firebase use --add, 
[info] but for now we'll just set up a default project.
[info] 
[debug] [2023-02-22T19:59:53.534Z] Using project from CLI flag: tights-app
[debug] [2023-02-22T19:59:53.534Z] > refreshing access token with scopes: []
[debug] [2023-02-22T19:59:53.535Z] >>> [apiv2][query] POST https://www.googleapis.com/oauth2/v3/token [none]
[debug] [2023-02-22T19:59:53.535Z] >>> [apiv2][body] POST https://www.googleapis.com/oauth2/v3/token [omitted]
[debug] [2023-02-22T19:59:53.976Z] <<< [apiv2][status] POST https://www.googleapis.com/oauth2/v3/token 200
[debug] [2023-02-22T19:59:53.977Z] <<< [apiv2][body] POST https://www.googleapis.com/oauth2/v3/token [omitted]
[debug] [2023-02-22T19:59:53.986Z] >>> [apiv2][query] GET https://firebase.googleapis.com/v1beta1/projects/tights-app [none]
[debug] [2023-02-22T19:59:54.206Z] <<< [apiv2][status] GET https://firebase-public.firebaseio.com/cli.json 200
[debug] [2023-02-22T19:59:54.206Z] <<< [apiv2][body] GET https://firebase-public.firebaseio.com/cli.json {"cloudBuildErrorAfter":1594252800000,"cloudBuildWarnAfter":1590019200000,"defaultNode10After":1594252800000,"minVersion":"3.0.5","node8DeploysDisabledAfter":1613390400000,"node8RuntimeDisabledAfter":1615809600000,"node8WarnAfter":1600128000000}
[debug] [2023-02-22T19:59:54.474Z] <<< [apiv2][status] GET https://firebase.googleapis.com/v1beta1/projects/tights-app 200
[debug] [2023-02-22T19:59:54.475Z] <<< [apiv2][body] GET https://firebase.googleapis.com/v1beta1/projects/tights-app {"projectId":"tights-app","projectNumber":"133108001267","displayName":"tights-app","name":"projects/tights-app","resources":{"hostingSite":"tights-app"},"state":"ACTIVE","etag":"1_6f58460d-6ce8-4f9a-9d21-6c2996f6faed"}
[info] i  Using project tights-app (tights-app) 
[info] 
=== Hosting:github Setup
[info] 
[info] i  Detected a .git folder at /Users/eyalazran/dev/tights-app 
[info] i  Authorizing with GitHub to upload your service account to a GitHub repository's secrets store. 
[info] 
[info] Visit this URL on this device to log in:
[info] https://github.com/login/oauth/authorize?client_id=89cf50f02ac6aaed3484&state=456750973&redirect_uri=http%3A%2F%2Flocalhost%3A9005&scope=read%3Auser%20repo%20public_repo
[info] 
[info] Waiting for authentication...
[debug] [2023-02-22T19:59:55.157Z] >>> [apiv2][query] POST https://github.com/login/oauth/access_token [none]
[debug] [2023-02-22T19:59:55.157Z] >>> [apiv2][body] POST https://github.com/login/oauth/access_token [stream]
[debug] [2023-02-22T19:59:55.606Z] <<< [apiv2][status] POST https://github.com/login/oauth/access_token 200
[debug] [2023-02-22T19:59:55.606Z] <<< [apiv2][body] POST https://github.com/login/oauth/access_token {"access_token":"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","token_type":"bearer","scope":"read:user,repo"}
[debug] [2023-02-22T19:59:55.616Z] >>> [apiv2][query] GET https://api.github.com/user [none]
[debug] [2023-02-22T19:59:56.233Z] <<< [apiv2][status] GET https://api.github.com/user 200
[debug] [2023-02-22T19:59:56.234Z] <<< [apiv2][body] GET https://api.github.com/user {"login":"azran4u","id":24504795,"node_id":"MDQ6VXNlcjI0NTA0Nzk1","avatar_url":"https://avatars.githubusercontent.com/u/24504795?v=4","gravatar_id":"","url":"https://api.github.com/users/azran4u","html_url":"https://github.com/azran4u","followers_url":"https://api.github.com/users/azran4u/followers","following_url":"https://api.github.com/users/azran4u/following{/other_user}","gists_url":"https://api.github.com/users/azran4u/gists{/gist_id}","starred_url":"https://api.github.com/users/azran4u/starred{/owner}{/repo}","subscriptions_url":"https://api.github.com/users/azran4u/subscriptions","organizations_url":"https://api.github.com/users/azran4u/orgs","repos_url":"https://api.github.com/users/azran4u/repos","events_url":"https://api.github.com/users/azran4u/events{/privacy}","received_events_url":"https://api.github.com/users/azran4u/received_events","type":"User","site_admin":false,"name":"Eyal Azran","company":null,"blog":"","location":"Revava","email":"azran4u@gmail.com","hireable":null,"bio":null,"twitter_username":null,"public_repos":80,"public_gists":1,"followers":2,"following":0,"created_at":"2016-12-11T09:36:37Z","updated_at":"2022-12-26T20:30:53Z","private_gists":0,"total_private_repos":0,"owned_private_repos":0,"disk_usage":289360,"collaborators":0,"two_factor_authentication":false,"plan":{"name":"free","space":976562499,"collaborators":0,"private_repos":10000}}
[info] 
[info] ✔  Success! Logged into GitHub as azran4u 
[info] 
[debug] [2023-02-22T20:00:35.075Z] >>> [apiv2][query] GET https://api.github.com/repos//actions/secrets/public-key type=owner
[debug] [2023-02-22T20:00:35.460Z] <<< [apiv2][status] GET https://api.github.com/repos//actions/secrets/public-key 404
[debug] [2023-02-22T20:00:35.461Z] <<< [apiv2][body] GET https://api.github.com/repos//actions/secrets/public-key {"message":"Not Found","documentation_url":"https://docs.github.com/rest"}
